Loading required package: R6
scheme=Wheat_Conv_noGS year=1 t=1.00 active=2 cross=1 dh=1 head=0 pyt=0 ayt=0 eyt1=0 eyt2=0 variety=0
scheme=Wheat_Conv_noGS year=2 t=2.00 active=3 cross=1 dh=2 head=0 pyt=0 ayt=0 eyt1=0 eyt2=0 variety=0
scheme=Wheat_Conv_noGS year=3 t=3.00 active=4 cross=1 dh=2 head=1 pyt=0 ayt=0 eyt1=0 eyt2=0 variety=0
scheme=Wheat_Conv_noGS year=4 t=4.00 active=5 cross=1 dh=2 head=1 pyt=1 ayt=0 eyt1=0 eyt2=0 variety=0
scheme=Wheat_Conv_noGS year=5 t=5.00 active=7 cross=1 dh=2 head=1 pyt=2 ayt=1 eyt1=0 eyt2=0 variety=0
scheme=Wheat_Conv_noGS year=6 t=6.00 active=10 cross=1 dh=2 head=1 pyt=3 ayt=2 eyt1=1 eyt2=0 variety=0
scheme=Wheat_Conv_noGS year=7 t=7.00 active=14 cross=1 dh=2 head=1 pyt=4 ayt=3 eyt1=2 eyt2=1 variety=0
scheme=Wheat_Conv_noGS year=8 t=8.00 active=18 cross=1 dh=2 head=1 pyt=5 ayt=4 eyt1=3 eyt2=1 variety=1
scheme=Wheat_Conv_noGS year=9 t=9.00 active=21 cross=1 dh=2 head=1 pyt=6 ayt=5 eyt1=4 eyt2=1 variety=1
scheme=Wheat_Conv_noGS year=10 t=10.00 active=24 cross=1 dh=2 head=1 pyt=7 ayt=6 eyt1=5 eyt2=1 variety=1
scheme=Wheat_Conv_noGS year=11 t=11.00 active=27 cross=1 dh=2 head=1 pyt=8 ayt=7 eyt1=6 eyt2=1 variety=1
scheme=Wheat_Conv_noGS year=12 t=12.00 active=30 cross=1 dh=2 head=1 pyt=9 ayt=8 eyt1=7 eyt2=1 variety=1
scheme=Wheat_Conv_noGS year=13 t=13.00 active=33 cross=1 dh=2 head=1 pyt=10 ayt=9 eyt1=8 eyt2=1 variety=1
scheme=Wheat_Conv_noGS year=14 t=14.00 active=36 cross=1 dh=2 head=1 pyt=11 ayt=10 eyt1=9 eyt2=1 variety=1
scheme=Wheat_Conv_noGS year=15 t=15.00 active=39 cross=1 dh=2 head=1 pyt=12 ayt=11 eyt1=10 eyt2=1 variety=1
scheme=Wheat_Conv_noGS year=16 t=16.00 active=42 cross=1 dh=2 head=1 pyt=13 ayt=12 eyt1=11 eyt2=1 variety=1
scheme=Wheat_Conv_noGS year=17 t=17.00 active=45 cross=1 dh=2 head=1 pyt=14 ayt=13 eyt1=12 eyt2=1 variety=1
scheme=Wheat_Conv_noGS year=18 t=18.00 active=48 cross=1 dh=2 head=1 pyt=15 ayt=14 eyt1=13 eyt2=1 variety=1
scheme=Wheat_Conv_noGS year=19 t=19.00 active=51 cross=1 dh=2 head=1 pyt=16 ayt=15 eyt1=14 eyt2=1 variety=1
scheme=Wheat_Conv_noGS year=20 t=20.00 active=54 cross=1 dh=2 head=1 pyt=17 ayt=16 eyt1=15 eyt2=1 variety=1
scheme=TwoPart_warm_from_WheatConv_DRAFT year=1 t=21.00 active=59 pi=1 dh_in=2 dh=1 head=1 pyt=18 ayt=17 eyt1=16 eyt2=1 variety=1 models=1\nscheme=TwoPart_warm_from_WheatConv_DRAFT year=2 t=22.00 active=62 pi=1 dh_in=2 dh=1 head=1 pyt=19 ayt=18 eyt1=17 eyt2=1 variety=1 models=1\nscheme=TwoPart_warm_from_WheatConv_DRAFT year=3 t=23.00 active=65 pi=1 dh_in=2 dh=1 head=1 pyt=20 ayt=19 eyt1=18 eyt2=1 variety=1 models=1\nscheme=TwoPart_warm_from_WheatConv_DRAFT year=4 t=24.00 active=68 pi=1 dh_in=2 dh=1 head=1 pyt=21 ayt=20 eyt1=19 eyt2=1 variety=1 models=1\nscheme=TwoPart_warm_from_WheatConv_DRAFT year=5 t=25.00 active=71 pi=1 dh_in=2 dh=1 head=1 pyt=22 ayt=21 eyt1=20 eyt2=1 variety=1 models=1\nscheme=TwoPart_warm_from_WheatConv_DRAFT year=6 t=26.00 active=74 pi=1 dh_in=2 dh=1 head=1 pyt=23 ayt=22 eyt1=21 eyt2=1 variety=1 models=1\nscheme=TwoPart_warm_from_WheatConv_DRAFT year=7 t=27.00 active=77 pi=1 dh_in=2 dh=1 head=1 pyt=24 ayt=23 eyt1=22 eyt2=1 variety=1 models=1\nscheme=TwoPart_warm_from_WheatConv_DRAFT year=8 t=28.00 active=80 pi=1 dh_in=2 dh=1 head=1 pyt=25 ayt=24 eyt1=23 eyt2=1 variety=1 models=1\nscheme=TwoPart_warm_from_WheatConv_DRAFT year=9 t=29.00 active=83 pi=1 dh_in=2 dh=1 head=1 pyt=26 ayt=25 eyt1=24 eyt2=1 variety=1 models=1\nscheme=TwoPart_warm_from_WheatConv_DRAFT year=10 t=30.00 active=86 pi=1 dh_in=2 dh=1 head=1 pyt=27 ayt=26 eyt1=25 eyt2=1 variety=1 models=1\nscheme=TwoPart_warm_from_WheatConv_DRAFT year=11 t=31.00 active=89 pi=1 dh_in=2 dh=1 head=1 pyt=28 ayt=27 eyt1=26 eyt2=1 variety=1 models=1\nscheme=TwoPart_warm_from_WheatConv_DRAFT year=12 t=32.00 active=92 pi=1 dh_in=2 dh=1 head=1 pyt=29 ayt=28 eyt1=27 eyt2=1 variety=1 models=1\nFINAL t=32.00 cohorts=286 active=92 models=1 varieties=25 lookback=3
Year 1.00
- Created CROSS_BLOCK from none.
  - Will be available Year 1.00.
  - Selection=Initialize crossing block from founder GV.
- Created CROSS_BLOCK from CROSS_BLOCK:Year1.00.
  - Will be available Year 1.25.
  - Selection=Fallback to incumbent crossing block only.
- Created CROSS_SEED from CROSS_BLOCK:Year1.00.
  - Will be available Year 1.25.
  - Crossing=Random pair sampling without replacement from current CROSS_BLOCK.

Year 1.50
- Created DH_BULK from CROSS_SEED:Year1.00.
  - Will be available Year 2.75.
  - Crossing=makeDH(nDH=100) per F1 family.

Year 2.00
- Created CROSS_BLOCK from CROSS_BLOCK:Year1.00.
  - Will be available Year 2.25.
  - Selection=Fallback to incumbent crossing block only.
- Created CROSS_SEED from CROSS_BLOCK:Year2.00.
  - Will be available Year 2.25.
  - Crossing=Random pair sampling without replacement from current CROSS_BLOCK.

Year 2.50
- Created DH_BULK from CROSS_SEED:Year2.00.
  - Will be available Year 3.75.
  - Crossing=makeDH(nDH=100) per F1 family.

Year 3.00
- Created CROSS_BLOCK from CROSS_BLOCK:Year2.00.
  - Will be available Year 3.25.
  - Selection=Fallback to incumbent crossing block only.
- Created CROSS_SEED from CROSS_BLOCK:Year3.00.
  - Will be available Year 3.25.
  - Crossing=Random pair sampling without replacement from current CROSS_BLOCK.
- Started a HEADROW_SEL trial by selecting n=500 from DH_BULK:Year1.50 by
  Visual/headrow selection on phenotype.
  - The trial has 1 locations with 1 rep per location and takes 1.00 years to
    complete and measures traits 1.
  - Will be available Year 4.00.

Year 3.50
- Created DH_BULK from CROSS_SEED:Year3.00.
  - Will be available Year 4.75.
  - Crossing=makeDH(nDH=100) per F1 family.

Year 4.00
- Created CROSS_BLOCK from CROSS_BLOCK:Year3.00.
  - Will be available Year 4.25.
  - Selection=Fallback to incumbent crossing block only.
- Created CROSS_SEED from CROSS_BLOCK:Year4.00.
  - Will be available Year 4.25.
  - Crossing=Random pair sampling without replacement from current CROSS_BLOCK.
- Started a HEADROW_SEL trial by selecting n=500 from DH_BULK:Year2.50 by
  Visual/headrow selection on phenotype.
  - The trial has 1 locations with 1 rep per location and takes 1.00 years to
    complete and measures traits 1.
  - Will be available Year 5.00.
- Started a PYT trial by selecting n=500 from HEADROW_SEL:Year3.00 by Random
  subset from HEADROW_SEL.
  - The trial has 1 locations with 1 rep per location and takes 1.00 years to
    complete and measures traits 1.
  - Will be available Year 5.00.

Year 4.50
- Created DH_BULK from CROSS_SEED:Year4.00.
  - Will be available Year 5.75.
  - Crossing=makeDH(nDH=100) per F1 family.

Year 5.00
- Created CROSS_BLOCK from CROSS_BLOCK:Year4.00, PYT:Year4.00.
  - Will be available Year 5.25.
  - Selection=Fallback to incumbent crossing block only.
- Created CROSS_SEED from CROSS_BLOCK:Year5.00.
  - Will be available Year 5.25.
  - Crossing=Random pair sampling without replacement from current CROSS_BLOCK.
- Started a HEADROW_SEL trial by selecting n=500 from DH_BULK:Year3.50 by
  Visual/headrow selection on phenotype.
  - The trial has 1 locations with 1 rep per location and takes 1.00 years to
    complete and measures traits 1.
  - Will be available Year 6.00.
- Started a PYT trial by selecting n=500 from HEADROW_SEL:Year4.00 by Random
  subset from HEADROW_SEL.
  - The trial has 1 locations with 1 rep per location and takes 1.00 years to
    complete and measures traits 1.
  - Will be available Year 6.00.
- Started a AYT trial by selecting n=50 from PYT:Year4.00 by Top by phenotype
  from latest PYT.
  - The trial has 4 locations with 1 rep per location and takes 1.00 years to
    complete and measures traits 1.
  - Will be available Year 6.00.

Year 5.50
- Created DH_BULK from CROSS_SEED:Year5.00.
  - Will be available Year 6.75.
  - Crossing=makeDH(nDH=100) per F1 family.

Year 6.00
- Created CROSS_BLOCK from CROSS_BLOCK:Year5.00, PYT:Year5.00, AYT:Year5.00.
  - Will be available Year 6.25.
  - Selection=20 PYT + 10 AYT + 20 incumbent non-PYT (EYT-informed when
    available).
- Created CROSS_SEED from CROSS_BLOCK:Year6.00.
  - Will be available Year 6.25.
  - Crossing=Random pair sampling without replacement from current CROSS_BLOCK.
- Started a HEADROW_SEL trial by selecting n=500 from DH_BULK:Year4.50 by
  Visual/headrow selection on phenotype.
  - The trial has 1 locations with 1 rep per location and takes 1.00 years to
    complete and measures traits 1.
  - Will be available Year 7.00.
- Started a PYT trial by selecting n=500 from HEADROW_SEL:Year5.00 by Random
  subset from HEADROW_SEL.
  - The trial has 1 locations with 1 rep per location and takes 1.00 years to
    complete and measures traits 1.
  - Will be available Year 7.00.
- Started a AYT trial by selecting n=50 from PYT:Year5.00 by Top by phenotype
  from latest PYT.
  - The trial has 4 locations with 1 rep per location and takes 1.00 years to
    complete and measures traits 1.
  - Will be available Year 7.00.
- Started a EYT1 trial by selecting n=10 from AYT:Year5.00 by Top by phenotype
  from latest AYT.
  - The trial has 8 locations with 1 rep per location and takes 1.00 years to
    complete and measures traits 1.
  - Will be available Year 7.00.

Year 6.50
- Created DH_BULK from CROSS_SEED:Year6.00.
  - Will be available Year 7.75.
  - Crossing=makeDH(nDH=100) per F1 family.

Year 7.00
- Created CROSS_BLOCK from CROSS_BLOCK:Year6.00, PYT:Year6.00, AYT:Year6.00.
  - Will be available Year 7.25.
  - Selection=20 PYT + 10 AYT + 20 incumbent non-PYT (EYT-informed when
    available).
- Created CROSS_SEED from CROSS_BLOCK:Year7.00.
  - Will be available Year 7.25.
  - Crossing=Random pair sampling without replacement from current CROSS_BLOCK.
- Started a HEADROW_SEL trial by selecting n=500 from DH_BULK:Year5.50 by
  Visual/headrow selection on phenotype.
  - The trial has 1 locations with 1 rep per location and takes 1.00 years to
    complete and measures traits 1.
  - Will be available Year 8.00.
- Started a PYT trial by selecting n=500 from HEADROW_SEL:Year6.00 by Random
  subset from HEADROW_SEL.
  - The trial has 1 locations with 1 rep per location and takes 1.00 years to
    complete and measures traits 1.
  - Will be available Year 8.00.
- Started a AYT trial by selecting n=50 from PYT:Year6.00 by Top by phenotype
  from latest PYT.
  - The trial has 4 locations with 1 rep per location and takes 1.00 years to
    complete and measures traits 1.
  - Will be available Year 8.00.
- Started a EYT1 trial by selecting n=10 from AYT:Year6.00 by Top by phenotype
  from latest AYT.
  - The trial has 8 locations with 1 rep per location and takes 1.00 years to
    complete and measures traits 1.
  - Will be available Year 8.00.
- Started a EYT2 trial by selecting n=10 from EYT1:Year6.00 by Re-evaluate same
  lines from EYT1.
  - The trial has 8 locations with 1 rep per location and takes 1.00 years to
    complete and measures traits 1.
  - Will be available Year 8.00.

Year 7.50
- Created DH_BULK from CROSS_SEED:Year7.00.
  - Will be available Year 8.75.
  - Crossing=makeDH(nDH=100) per F1 family.

Year 8.00
- Created CROSS_BLOCK from CROSS_BLOCK:Year7.00, PYT:Year7.00, AYT:Year7.00.
  - Will be available Year 8.25.
  - Selection=20 PYT + 10 AYT + 20 incumbent non-PYT (EYT-informed when
    available).
- Created CROSS_SEED from CROSS_BLOCK:Year8.00.
  - Will be available Year 8.25.
  - Crossing=Random pair sampling without replacement from current CROSS_BLOCK.
- Started a HEADROW_SEL trial by selecting n=500 from DH_BULK:Year6.50 by
  Visual/headrow selection on phenotype.
  - The trial has 1 locations with 1 rep per location and takes 1.00 years to
    complete and measures traits 1.
  - Will be available Year 9.00.
- Started a PYT trial by selecting n=500 from HEADROW_SEL:Year7.00 by Random
  subset from HEADROW_SEL.
  - The trial has 1 locations with 1 rep per location and takes 1.00 years to
    complete and measures traits 1.
  - Will be available Year 9.00.
- Started a AYT trial by selecting n=50 from PYT:Year7.00 by Top by phenotype
  from latest PYT.
  - The trial has 4 locations with 1 rep per location and takes 1.00 years to
    complete and measures traits 1.
  - Will be available Year 9.00.
- Started a EYT1 trial by selecting n=10 from AYT:Year7.00 by Top by phenotype
  from latest AYT.
  - The trial has 8 locations with 1 rep per location and takes 1.00 years to
    complete and measures traits 1.
  - Will be available Year 9.00.
- Started a EYT2 trial by selecting n=10 from EYT1:Year7.00 by Re-evaluate same
  lines from EYT1.
  - The trial has 8 locations with 1 rep per location and takes 1.00 years to
    complete and measures traits 1.
  - Will be available Year 9.00.
- Created Variety from EYT2:Year7.00.
  - Will be available Year 8.00.
  - Selection=Best 2-year mean phenotype from EYT1+EYT2.

Year 8.50
- Created DH_BULK from CROSS_SEED:Year8.00.
  - Will be available Year 9.75.
  - Crossing=makeDH(nDH=100) per F1 family.
Year 8-20 (same as Year 8)

Year 21.00
- Created PI_CAND from PYT:Year20.00, CROSS_BLOCK:Year20.00.
  - Will be available Year 21.00.
  - Selection=Warm-start random sample n=550 from PYT + CROSS_BLOCK.
- Genotyped PYT:Year4.00 population using snpChip=1 (n=500).
  - Will be available Year 21.00.
- Genotyped PYT:Year5.00 population using snpChip=1 (n=500).
  - Will be available Year 21.00.
- Genotyped PYT:Year6.00 population using snpChip=1 (n=500).
  - Will be available Year 21.00.
- Genotyped PYT:Year7.00 population using snpChip=1 (n=500).
  - Will be available Year 21.00.
- Genotyped PYT:Year8.00 population using snpChip=1 (n=500).
  - Will be available Year 21.00.
- Genotyped PYT:Year9.00 population using snpChip=1 (n=500).
  - Will be available Year 21.00.
- Genotyped PYT:Year10.00 population using snpChip=1 (n=500).
  - Will be available Year 21.00.
- Genotyped PYT:Year11.00 population using snpChip=1 (n=500).
  - Will be available Year 21.00.
- Genotyped PYT:Year12.00 population using snpChip=1 (n=500).
  - Will be available Year 21.00.
- Genotyped PYT:Year13.00 population using snpChip=1 (n=500).
  - Will be available Year 21.00.
- Genotyped PYT:Year14.00 population using snpChip=1 (n=500).
  - Will be available Year 21.00.
- Genotyped PYT:Year15.00 population using snpChip=1 (n=500).
  - Will be available Year 21.00.
- Genotyped PYT:Year16.00 population using snpChip=1 (n=500).
  - Will be available Year 21.00.
- Genotyped PYT:Year17.00 population using snpChip=1 (n=500).
  - Will be available Year 21.00.
- Genotyped PYT:Year18.00 population using snpChip=1 (n=500).
  - Will be available Year 21.00.
- Genotyped PYT:Year19.00 population using snpChip=1 (n=500).
  - Will be available Year 21.00.
- Genotyped PYT:Year20.00 population using snpChip=1 (n=500).
  - Will be available Year 21.00.
- Trained GS model AlphaSimR::RRBLUP on PYT:Year17.00, PYT:Year18.00,
  PYT:Year19.00, PYT:Year20.00 (n_total=2000, trait=1, chip=1).
- Genotyped PI_CAND:Year21.00 population using snpChip=1 (n=550).
  - Will be available Year 21.00.
- Created PI_CAND from PI_CAND:Year21.00.
  - Will be available Year 21.50.
  - Selection=year_1_cycle_A: split male/female then GS top-100 per sex;
    Crossing=Open-pollination approximation: one random selected male per
    selected female.
- Created PD_DH_INPUT from PI_CAND:Year21.00.
  - Will be available Year 21.50.
  - Selection=year_1_cycle_A: reserve 10 seeds/family for DH.
- Started a HEADROW_SEL trial by selecting n=500 from DH_BULK:Year19.50 by
  Advance fixed n from DH_BULK to headrows.
  - The trial has 1 locations with 1 rep per location and takes 1.00 years to
    complete and measures traits 1.
  - Will be available Year 22.00.
- Started a PYT trial by selecting n=500 from HEADROW_SEL:Year20.00 by Random
  subset from HEADROW_SEL.
  - The trial has 1 locations with 1 rep per location and takes 1.00 years to
    complete and measures traits 1.
  - Will be available Year 22.00.
- Started a AYT trial by selecting n=50 from PYT:Year20.00 by Top phenotype
  from latest PYT.
  - The trial has 4 locations with 1 rep per location and takes 1.00 years to
    complete and measures traits 1.
  - Will be available Year 22.00.
- Started a EYT1 trial by selecting n=10 from AYT:Year20.00 by Top phenotype
  from latest AYT.
  - The trial has 8 locations with 1 rep per location and takes 1.00 years to
    complete and measures traits 1.
  - Will be available Year 22.00.
- Started a EYT2 trial by selecting n=10 from EYT1:Year20.00 by Re-evaluate
  EYT1 lines.
  - The trial has 8 locations with 1 rep per location and takes 1.00 years to
    complete and measures traits 1.
  - Will be available Year 22.00.
- Created Variety from EYT2:Year20.00.
  - Will be available Year 21.00.
  - Selection=Best 2-year EYT mean phenotype.
- Genotyped HEADROW_SEL:Year21.00 population using snpChip=1 (n=500).
  - Will be available Year 21.50.
- Genotyped PYT:Year21.00 population using snpChip=1 (n=500).
  - Will be available Year 21.50.
- Trained GS model AlphaSimR::RRBLUP on PYT:Year17.00, PYT:Year18.00,
  PYT:Year19.00, PYT:Year20.00 (n_total=2000, trait=1, chip=1).

Year 21.50
- Genotyped PI_CAND:Year21.00 population using snpChip=1 (n=3000).
  - Will be available Year 21.50.
- Created PI_CAND from PI_CAND:Year21.00.
  - Will be available Year 22.00.
  - Selection=year_1_cycle_B: split male/female then GS top-100 per sex;
    Crossing=Open-pollination approximation: one random selected male per
    selected female.
- Created PD_DH_INPUT from PI_CAND:Year21.00.
  - Will be available Year 22.00.
  - Selection=year_1_cycle_B: reserve 10 seeds/family for DH.

Year 22.00
- Created DH_BULK from PD_DH_INPUT:Year21.00, PD_DH_INPUT:Year21.50.
  - Will be available Year 23.00.
  - Crossing=makeDH(nDH=31) from one representative seed/family.
- Genotyped PI_CAND:Year21.50 population using snpChip=1 (n=3000).
  - Will be available Year 22.00.
- Created PI_CAND from PI_CAND:Year21.50.
  - Will be available Year 22.50.
  - Selection=year_2_cycle_A: split male/female then GS top-100 per sex;
    Crossing=Open-pollination approximation: one random selected male per
    selected female.
- Created PD_DH_INPUT from PI_CAND:Year21.50.
  - Will be available Year 22.50.
  - Selection=year_2_cycle_A: reserve 10 seeds/family for DH.
- Started a HEADROW_SEL trial by selecting n=500 from DH_BULK:Year20.50 by
  Advance fixed n from DH_BULK to headrows.
  - The trial has 1 locations with 1 rep per location and takes 1.00 years to
    complete and measures traits 1.
  - Will be available Year 23.00.
- Started a PYT trial by selecting n=500 from HEADROW_SEL:Year21.00 by Random
  subset from HEADROW_SEL.
  - The trial has 1 locations with 1 rep per location and takes 1.00 years to
    complete and measures traits 1.
  - Will be available Year 23.00.
- Started a AYT trial by selecting n=50 from PYT:Year21.00 by Top phenotype
  from latest PYT.
  - The trial has 4 locations with 1 rep per location and takes 1.00 years to
    complete and measures traits 1.
  - Will be available Year 23.00.
- Started a EYT1 trial by selecting n=10 from AYT:Year21.00 by Top phenotype
  from latest AYT.
  - The trial has 8 locations with 1 rep per location and takes 1.00 years to
    complete and measures traits 1.
  - Will be available Year 23.00.
- Started a EYT2 trial by selecting n=10 from EYT1:Year21.00 by Re-evaluate
  EYT1 lines.
  - The trial has 8 locations with 1 rep per location and takes 1.00 years to
    complete and measures traits 1.
  - Will be available Year 23.00.
- Created Variety from EYT2:Year21.00.
  - Will be available Year 22.00.
  - Selection=Best 2-year EYT mean phenotype.
- Genotyped HEADROW_SEL:Year22.00 population using snpChip=1 (n=500).
  - Will be available Year 22.50.
- Trained GS model AlphaSimR::RRBLUP on PYT:Year18.00, PYT:Year19.00,
  PYT:Year20.00, PYT:Year21.00 (n_total=2000, trait=1, chip=1).

Year 22.50
- Genotyped PI_CAND:Year22.00 population using snpChip=1 (n=3000).
  - Will be available Year 22.50.
- Created PI_CAND from PI_CAND:Year22.00.
  - Will be available Year 23.00.
  - Selection=year_2_cycle_B: split male/female then GS top-100 per sex;
    Crossing=Open-pollination approximation: one random selected male per
    selected female.
- Created PD_DH_INPUT from PI_CAND:Year22.00.
  - Will be available Year 23.00.
  - Selection=year_2_cycle_B: reserve 10 seeds/family for DH.
Year 22-32 (same as Year 22)
