* using log directory ‘/Users/deruncie/Box Sync/DER_projects/Optimized_GP/Breeding_Program_Simulator/BreedingProgramSimulator.Rcheck’
* using R version 4.4.3 (2025-02-28)
* using platform: aarch64-apple-darwin20
* R was compiled by
    Apple clang version 14.0.0 (clang-1400.0.29.202)
    GNU Fortran (GCC) 12.2.0
* running under: macOS 26.3
* using session charset: UTF-8
* using option ‘--no-manual’
* checking for file ‘BreedingProgramSimulator/DESCRIPTION’ ... OK
* checking extension type ... Package
* this is package ‘BreedingProgramSimulator’ version ‘0.1.0’
* package encoding: UTF-8
* checking package namespace information ... OK
* checking package dependencies ... OK
* checking if this is a source package ... OK
* checking if there is a namespace ... OK
* checking for executable files ... OK
* checking for hidden files and directories ... OK
* checking for portable file names ... NOTE
Found the following non-portable file paths:
  BreedingProgramSimulator/examples/AdvanceYear_GSTP_readable_diagrammer_files/DiagrammeR-styles-0.2/styles.css
  BreedingProgramSimulator/examples/AdvanceYear_GSTP_readable_diagrammer_files/grViz-binding-1.0.11/grViz.js
  BreedingProgramSimulator/examples/AdvanceYear_GSTP_readable_diagrammer_files/htmltools-fill-0.5.8.1/fill.css
  BreedingProgramSimulator/examples/AdvanceYear_GSTP_readable_diagrammer_files/htmlwidgets-1.6.4/htmlwidgets.js

Tarballs are only required to store paths of up to 100 bytes and cannot
store those of more than 256 bytes, with restrictions including to 100
bytes for the final component.
See section ‘Package structure’ in the ‘Writing R Extensions’ manual.
* checking for sufficient/correct file permissions ... OK
* checking whether package ‘BreedingProgramSimulator’ can be installed ... OK
* checking installed package size ... OK
* checking package directory ... OK
* checking DESCRIPTION meta-information ... OK
* checking top-level files ... OK
* checking for left-over files ... OK
* checking index information ... OK
* checking package subdirectories ... OK
* checking code files for non-ASCII characters ... OK
* checking R files for syntax errors ... OK
* checking whether the package can be loaded ... OK
* checking whether the package can be loaded with stated dependencies ... OK
* checking whether the package can be unloaded cleanly ... OK
* checking whether the namespace can be loaded with stated dependencies ... OK
* checking whether the namespace can be unloaded cleanly ... OK
* checking loading without being on the library search path ... OK
* checking dependencies in R code ... OK
* checking S3 generic/method consistency ... OK
* checking replacement functions ... OK
* checking foreign function calls ... OK
* checking R code for possible problems ... OK
* checking Rd files ... OK
* checking Rd metadata ... OK
* checking Rd cross-references ... OK
* checking for missing documentation entries ... WARNING
Undocumented code objects:
  ‘bp_extract_cohort_metrics’ ‘bp_monitor_cohorts’
  ‘bp_plot_metric_by_year’ ‘bp_summarize_metric_by_year’
All user-level objects in a package should have documentation entries.
See chapter ‘Writing R documentation files’ in the ‘Writing R
Extensions’ manual.
* checking for code/documentation mismatches ... OK
* checking Rd \usage sections ... OK
* checking Rd contents ... OK
* checking for unstated dependencies in examples ... OK
* checking examples ... NONE
* checking for unstated dependencies in ‘tests’ ... OK
* checking tests ... OK
  Running ‘testthat.R’
* DONE
Status: 1 WARNING, 1 NOTE
